<?xml version="1.0" encoding="UTF-8"?>
<!-- Generated by org.testng.reporters.JUnitXMLReporter -->
<testsuite hostname="DESKTOP-NPN5RO1" ignored="0" name="Test" tests="3" failures="0" timestamp="2021-04-24T21:07:09 IST" time="65.125" errors="0">
  <testcase name="createLead" time="6.523" classname="week5.day2.dataprovider.CreateLead"/>
  <testcase name="createLead" time="6.006" classname="week5.day2.dataprovider.CreateLead"/>
  <testcase name="createLead" time="6.108" classname="week5.day2.dataprovider.CreateLead"/>
</testsuite> <!-- Test -->
